D:\Git Repositories\giveMeAGrade\GiveMeAGrade\Debug\cl.command.1.tlog
D:\Git Repositories\giveMeAGrade\GiveMeAGrade\Debug\CL.read.1.tlog
D:\Git Repositories\giveMeAGrade\GiveMeAGrade\Debug\CL.write.1.tlog
D:\GIT REPOSITORIES\GIVEMEAGRADE\GIVEMEAGRADE\DEBUG\GIVEMEAGRADE.EXE
D:\GIT REPOSITORIES\GIVEMEAGRADE\GIVEMEAGRADE\DEBUG\GIVEMEAGRADE.EXE.EMBED.MANIFEST
D:\GIT REPOSITORIES\GIVEMEAGRADE\GIVEMEAGRADE\DEBUG\GIVEMEAGRADE.EXE.EMBED.MANIFEST.RES
D:\GIT REPOSITORIES\GIVEMEAGRADE\GIVEMEAGRADE\DEBUG\GIVEMEAGRADE.EXE.INTERMEDIATE.MANIFEST
D:\GIT REPOSITORIES\GIVEMEAGRADE\GIVEMEAGRADE\DEBUG\GIVEMEAGRADE.ILK
D:\GIT REPOSITORIES\GIVEMEAGRADE\GIVEMEAGRADE\DEBUG\GIVEMEAGRADE.OBJ
D:\GIT REPOSITORIES\GIVEMEAGRADE\GIVEMEAGRADE\DEBUG\GIVEMEAGRADE.PCH
D:\GIT REPOSITORIES\GIVEMEAGRADE\GIVEMEAGRADE\DEBUG\GIVEMEAGRADE.PDB
D:\Git Repositories\giveMeAGrade\GiveMeAGrade\Debug\GiveMeAGrade_manifest.rc
D:\Git Repositories\giveMeAGrade\GiveMeAGrade\Debug\link.1712.read.1.tlog
D:\Git Repositories\giveMeAGrade\GiveMeAGrade\Debug\link.1712.write.1.tlog
D:\Git Repositories\giveMeAGrade\GiveMeAGrade\Debug\link.1712-cvtres.read.1.tlog
D:\Git Repositories\giveMeAGrade\GiveMeAGrade\Debug\link.1712-cvtres.write.1.tlog
D:\Git Repositories\giveMeAGrade\GiveMeAGrade\Debug\link.command.1.tlog
D:\Git Repositories\giveMeAGrade\GiveMeAGrade\Debug\link.read.1.tlog
D:\Git Repositories\giveMeAGrade\GiveMeAGrade\Debug\link.write.1.tlog
D:\Git Repositories\giveMeAGrade\GiveMeAGrade\Debug\link-cvtres.read.1.tlog
D:\Git Repositories\giveMeAGrade\GiveMeAGrade\Debug\link-cvtres.write.1.tlog
D:\Git Repositories\giveMeAGrade\GiveMeAGrade\Debug\mt.command.1.tlog
D:\Git Repositories\giveMeAGrade\GiveMeAGrade\Debug\mt.read.1.tlog
D:\Git Repositories\giveMeAGrade\GiveMeAGrade\Debug\mt.write.1.tlog
D:\Git Repositories\giveMeAGrade\GiveMeAGrade\Debug\rc.command.1.tlog
D:\Git Repositories\giveMeAGrade\GiveMeAGrade\Debug\rc.read.1.tlog
D:\Git Repositories\giveMeAGrade\GiveMeAGrade\Debug\rc.write.1.tlog
D:\GIT REPOSITORIES\GIVEMEAGRADE\GIVEMEAGRADE\DEBUG\STDAFX.OBJ
D:\Git Repositories\giveMeAGrade\GiveMeAGrade\Debug\vc100.idb
D:\GIT REPOSITORIES\GIVEMEAGRADE\GIVEMEAGRADE\DEBUG\VC100.PDB
