Build started 2012.11.23. 23:41:01.
     1>Project "D:\Git Repositories\giveMeAGrade\GiveMeAGrade\GiveMeAGrade.vcxproj" on node 2 (build target(s)).
     1>InitializeBuildStatus:
         Creating "Debug\GiveMeAGrade.unsuccessfulbuild" because "AlwaysCreate" was specified.
       ClCompile:
         All outputs are up-to-date.
         C:\Program Files (x86)\Microsoft Visual Studio 10.0\VC\bin\CL.exe /c /ZI /nologo /W3 /WX- /Od /Oy- /D WIN32 /D _DEBUG /D _CONSOLE /D _UNICODE /D UNICODE /Gm /EHsc /RTC1 /MDd /GS /fp:precise /Zc:wchar_t /Zc:forScope /Yu"StdAfx.h" /Fp"Debug\GiveMeAGrade.pch" /Fo"Debug\\" /Fd"Debug\vc100.pdb" /Gd /TP /analyze- /errorReport:prompt GiveMeAGrade.cpp
         GiveMeAGrade.cpp
     1>d:\git repositories\givemeagrade\givemeagrade\givemeagrade.cpp(58): warning C4996: 'getch': The POSIX name for this item is deprecated. Instead, use the ISO C++ conformant name: _getch. See online help for details.
                 c:\program files (x86)\microsoft visual studio 10.0\vc\include\conio.h(128) : see declaration of 'getch'
       ManifestResourceCompile:
         All outputs are up-to-date.
       Link:
         C:\Program Files (x86)\Microsoft Visual Studio 10.0\VC\bin\link.exe /ERRORREPORT:PROMPT /OUT:"D:\Git Repositories\giveMeAGrade\GiveMeAGrade\Debug\GiveMeAGrade.exe" /INCREMENTAL /NOLOGO kernel32.lib user32.lib gdi32.lib winspool.lib comdlg32.lib advapi32.lib shell32.lib ole32.lib oleaut32.lib uuid.lib odbc32.lib odbccp32.lib /MANIFEST /ManifestFile:"Debug\GiveMeAGrade.exe.intermediate.manifest" /MANIFESTUAC:"level='asInvoker' uiAccess='false'" /DEBUG /PDB:"D:\Git Repositories\giveMeAGrade\GiveMeAGrade\Debug\GiveMeAGrade.pdb" /SUBSYSTEM:CONSOLE /TLBID:1 /DYNAMICBASE /NXCOMPAT /IMPLIB:"D:\Git Repositories\giveMeAGrade\GiveMeAGrade\Debug\GiveMeAGrade.lib" /MACHINE:X86 Debug\GiveMeAGrade.exe.embed.manifest.res
         Debug\GiveMeAGrade.obj
         Debug\stdafx.obj
       Manifest:
         C:\Program Files (x86)\Microsoft SDKs\Windows\v7.0A\bin\mt.exe /nologo /verbose /out:"Debug\GiveMeAGrade.exe.embed.manifest" /manifest Debug\GiveMeAGrade.exe.intermediate.manifest
         All outputs are up-to-date.
       LinkEmbedManifest:
         All outputs are up-to-date.
         GiveMeAGrade.vcxproj -> D:\Git Repositories\giveMeAGrade\GiveMeAGrade\Debug\GiveMeAGrade.exe
       FinalizeBuildStatus:
         Deleting file "Debug\GiveMeAGrade.unsuccessfulbuild".
         Touching "Debug\GiveMeAGrade.lastbuildstate".
     1>Done Building Project "D:\Git Repositories\giveMeAGrade\GiveMeAGrade\GiveMeAGrade.vcxproj" (build target(s)).

Build succeeded.

Time Elapsed 00:00:01.64
